<?xml version="1.0" encoding="UTF-8"?>
<!-- Generated by org.testng.reporters.JUnitReportReporter -->
<testsuite hostname="DESKTOP-K09INN5" failures="0" tests="2" name="sahelidatta.mavenjavasaheli.MobileTest" time="0.016" errors="0" timestamp="1 Apr 2022 22:08:36 GMT">
  <testcase classname="sahelidatta.mavenjavasaheli.MobileTest" name="MobileLogin" time="0.000"/>
  <testcase classname="sahelidatta.mavenjavasaheli.MobileTest" name="MobileBrowse" time="0.016"/>
</testsuite> <!-- sahelidatta.mavenjavasaheli.MobileTest -->
