<?xml version="1.0" encoding="UTF-8"?>
<!-- Generated by org.testng.reporters.JUnitReportReporter -->
<testsuite hostname="DESKTOP-K09INN5" failures="0" tests="2" name="sahelidatta.mavenjavasaheli.RestAPITest" time="0.000" errors="0" timestamp="1 Apr 2022 22:08:36 GMT">
  <testcase classname="sahelidatta.mavenjavasaheli.RestAPITest" name="APILogin" time="0.000"/>
  <testcase classname="sahelidatta.mavenjavasaheli.RestAPITest" name="APIBrowse" time="0.000"/>
</testsuite> <!-- sahelidatta.mavenjavasaheli.RestAPITest -->
